0 info it worked if it ends with ok
1 verbose cli [ '/opt/nodejs/node-v4.2.4-linux-x64/bin/node',
1 verbose cli   '/opt/nodejs/node-v4.2.4-linux-x64/bin/npm',
1 verbose cli   'install',
1 verbose cli   '-g',
1 verbose cli   'bower' ]
2 info using npm@2.14.12
3 info using node@v4.2.4
4 verbose install initial load of /opt/nodejs/node-v4.2.4-linux-x64/lib/package.json
5 verbose readDependencies loading dependencies from /opt/nodejs/node-v4.2.4-linux-x64/lib/package.json
6 silly cache add args [ 'bower', null ]
7 verbose cache add spec bower
8 silly cache add parsed spec Result {
8 silly cache add   raw: 'bower',
8 silly cache add   scope: null,
8 silly cache add   name: 'bower',
8 silly cache add   rawSpec: '',
8 silly cache add   spec: 'latest',
8 silly cache add   type: 'tag' }
9 silly addNamed bower@latest
10 verbose addNamed "latest" is being treated as a dist-tag for bower
11 info addNameTag [ 'bower', 'latest' ]
12 silly mapToRegistry name bower
13 silly mapToRegistry using default registry
14 silly mapToRegistry registry https://registry.npmjs.org/
15 silly mapToRegistry uri https://registry.npmjs.org/bower
16 verbose addNameTag registry:https://registry.npmjs.org/bower not in flight; fetching
17 verbose request uri https://registry.npmjs.org/bower
18 verbose request no auth needed
19 info attempt registry request try #1 at 10:45:10 AM
20 verbose request id bbdc317be2ff411b
21 verbose etag "BVHWFKGRRC1UNFHFCZ5USHZTK"
22 http request GET https://registry.npmjs.org/bower
23 http 200 https://registry.npmjs.org/bower
24 verbose headers { server: 'CouchDB/1.5.0 (Erlang OTP/R16B03)',
24 verbose headers   etag: '"42C9WESJFE6XMC6MM1FQUNLUJ"',
24 verbose headers   'content-type': 'application/json',
24 verbose headers   'cache-control': 'max-age=300',
24 verbose headers   'content-length': '168818',
24 verbose headers   'accept-ranges': 'bytes',
24 verbose headers   date: 'Mon, 01 Feb 2016 00:46:13 GMT',
24 verbose headers   via: '1.1 varnish',
24 verbose headers   age: '73',
24 verbose headers   connection: 'keep-alive',
24 verbose headers   'x-served-by': 'cache-syd1623-SYD',
24 verbose headers   'x-cache': 'HIT',
24 verbose headers   'x-cache-hits': '1',
24 verbose headers   'x-timer': 'S1454287573.112166,VS0,VE0',
24 verbose headers   vary: 'Accept' }
25 silly get cb [ 200,
25 silly get   { server: 'CouchDB/1.5.0 (Erlang OTP/R16B03)',
25 silly get     etag: '"42C9WESJFE6XMC6MM1FQUNLUJ"',
25 silly get     'content-type': 'application/json',
25 silly get     'cache-control': 'max-age=300',
25 silly get     'content-length': '168818',
25 silly get     'accept-ranges': 'bytes',
25 silly get     date: 'Mon, 01 Feb 2016 00:46:13 GMT',
25 silly get     via: '1.1 varnish',
25 silly get     age: '73',
25 silly get     connection: 'keep-alive',
25 silly get     'x-served-by': 'cache-syd1623-SYD',
25 silly get     'x-cache': 'HIT',
25 silly get     'x-cache-hits': '1',
25 silly get     'x-timer': 'S1454287573.112166,VS0,VE0',
25 silly get     vary: 'Accept' } ]
26 verbose get saving bower to /home/steve/.npm/registry.npmjs.org/bower/.cache.json
27 silly addNameTag next cb for bower with tag latest
28 silly addNamed bower@1.7.7
29 verbose addNamed "1.7.7" is a plain semver version for bower
30 silly mapToRegistry name bower
31 silly mapToRegistry using default registry
32 silly mapToRegistry registry https://registry.npmjs.org/
33 silly mapToRegistry uri https://registry.npmjs.org/bower
34 verbose addRemoteTarball https://registry.npmjs.org/bower/-/bower-1.7.7.tgz not in flight; adding
35 verbose addRemoteTarball [ 'https://registry.npmjs.org/bower/-/bower-1.7.7.tgz',
35 verbose addRemoteTarball   '2fd7ff3ebdcba5a8ffcd84c397c8fdfe9f825f92' ]
36 info retry fetch attempt 1 at 10:45:10 AM
37 info attempt registry request try #1 at 10:45:10 AM
38 http fetch GET https://registry.npmjs.org/bower/-/bower-1.7.7.tgz
39 http fetch 200 https://registry.npmjs.org/bower/-/bower-1.7.7.tgz
40 silly fetchAndShaCheck shasum 2fd7ff3ebdcba5a8ffcd84c397c8fdfe9f825f92
41 verbose addTmpTarball /tmp/npm-6394-2d50e7b0/registry.npmjs.org/bower/-/bower-1.7.7.tgz not in flight; adding
42 verbose addTmpTarball already have metadata; skipping unpack for bower@1.7.7
43 silly cache afterAdd bower@1.7.7
44 verbose afterAdd /home/steve/.npm/bower/1.7.7/package/package.json not in flight; writing
45 verbose afterAdd /home/steve/.npm/bower/1.7.7/package/package.json written
46 silly install resolved [ { name: 'bower',
46 silly install resolved     version: '1.7.7',
46 silly install resolved     description: 'The browser package manager',
46 silly install resolved     author: { name: 'Twitter' },
46 silly install resolved     license: 'MIT',
46 silly install resolved     repository: { type: 'git', url: 'git+https://github.com/bower/bower.git' },
46 silly install resolved     main: 'lib',
46 silly install resolved     bin: { bower: 'bin/bower' },
46 silly install resolved     homepage: 'http://bower.io',
46 silly install resolved     engines: { node: '>=0.10.0' },
46 silly install resolved     keywords: [ 'bower' ],
46 silly install resolved     files: [ 'bin', 'lib' ],
46 silly install resolved     bugs: { url: 'https://github.com/bower/bower/issues' },
46 silly install resolved     _id: 'bower@1.7.7',
46 silly install resolved     scripts: {},
46 silly install resolved     _shasum: '2fd7ff3ebdcba5a8ffcd84c397c8fdfe9f825f92',
46 silly install resolved     _from: 'bower@latest',
46 silly install resolved     _npmVersion: '3.5.3',
46 silly install resolved     _nodeVersion: '4.1.1',
46 silly install resolved     _npmUser: { name: 'sheerun', email: 'sheerun@sher.pl' },
46 silly install resolved     dist:
46 silly install resolved      { shasum: '2fd7ff3ebdcba5a8ffcd84c397c8fdfe9f825f92',
46 silly install resolved        tarball: 'http://registry.npmjs.org/bower/-/bower-1.7.7.tgz' },
46 silly install resolved     maintainers:
46 silly install resolved      [ [Object],
46 silly install resolved        [Object],
46 silly install resolved        [Object],
46 silly install resolved        [Object],
46 silly install resolved        [Object],
46 silly install resolved        [Object],
46 silly install resolved        [Object] ],
46 silly install resolved     directories: {},
46 silly install resolved     _resolved: 'https://registry.npmjs.org/bower/-/bower-1.7.7.tgz' } ]
47 info install bower@1.7.7 into /opt/nodejs/node-v4.2.4-linux-x64/lib
48 info installOne bower@1.7.7
49 verbose installOne of bower to /opt/nodejs/node-v4.2.4-linux-x64/lib not in flight; installing
50 verbose lock using /home/steve/.npm/_locks/bower-2609cd7da527f99a.lock for /opt/nodejs/node-v4.2.4-linux-x64/lib/node_modules/bower
51 silly install write writing bower 1.7.7 to /opt/nodejs/node-v4.2.4-linux-x64/lib/node_modules/bower
52 verbose unbuild lib/node_modules/bower
53 info preuninstall bower@1.7.2
54 info uninstall bower@1.7.2
55 verbose unbuild rmStuff bower@1.7.2 from /opt/nodejs/node-v4.2.4-linux-x64/lib/node_modules
56 silly gentlyRm /opt/nodejs/node-v4.2.4-linux-x64/bin/bower is being gently removed
57 silly gentlyRm verifying /opt/nodejs/node-v4.2.4-linux-x64 is an npm working directory
58 silly gentlyRm containing path /opt/nodejs/node-v4.2.4-linux-x64 is under npm's control, in /opt/nodejs/node-v4.2.4-linux-x64
59 silly gentlyRm deletion target /opt/nodejs/node-v4.2.4-linux-x64/bin/bower is under /opt/nodejs/node-v4.2.4-linux-x64
60 verbose gentlyRm vacuuming from /opt/nodejs/node-v4.2.4-linux-x64/bin/bower up to /opt/nodejs/node-v4.2.4-linux-x64
61 silly vacuum-fs removing /opt/nodejs/node-v4.2.4-linux-x64/bin/bower
62 silly vacuum-fs quitting because other entries in /opt/nodejs/node-v4.2.4-linux-x64/bin
63 info postuninstall bower@1.7.2
64 silly gentlyRm /opt/nodejs/node-v4.2.4-linux-x64/lib/node_modules/bower is being purged from base /opt/nodejs/node-v4.2.4-linux-x64
65 verbose gentlyRm don't care about contents; nuking /opt/nodejs/node-v4.2.4-linux-x64/lib/node_modules/bower
66 silly vacuum-fs purging /opt/nodejs/node-v4.2.4-linux-x64/lib/node_modules/bower
67 verbose unlock done using /home/steve/.npm/_locks/bower-2609cd7da527f99a.lock for /opt/nodejs/node-v4.2.4-linux-x64/lib/node_modules/bower
68 verbose stack Error: EACCES: permission denied, unlink '/opt/nodejs/node-v4.2.4-linux-x64/lib/node_modules/bower/CHANGELOG.md'
68 verbose stack     at Error (native)
69 verbose cwd /home/steve/Projects/nextgensp2/src
70 error Linux 3.19.0-47-generic
71 error argv "/opt/nodejs/node-v4.2.4-linux-x64/bin/node" "/opt/nodejs/node-v4.2.4-linux-x64/bin/npm" "install" "-g" "bower"
72 error node v4.2.4
73 error npm  v2.14.12
74 error path /opt/nodejs/node-v4.2.4-linux-x64/lib/node_modules/bower/CHANGELOG.md
75 error code EACCES
76 error errno -13
77 error syscall unlink
78 error Error: EACCES: permission denied, unlink '/opt/nodejs/node-v4.2.4-linux-x64/lib/node_modules/bower/CHANGELOG.md'
78 error     at Error (native)
78 error  { [Error: EACCES: permission denied, unlink '/opt/nodejs/node-v4.2.4-linux-x64/lib/node_modules/bower/CHANGELOG.md']
78 error   errno: -13,
78 error   code: 'EACCES',
78 error   syscall: 'unlink',
78 error   path: '/opt/nodejs/node-v4.2.4-linux-x64/lib/node_modules/bower/CHANGELOG.md' }
79 error Please try running this command again as root/Administrator.
80 verbose exit [ -13, true ]
81 verbose unbuild lib/node_modules/bower
82 info preuninstall bower@1.7.2
83 info uninstall bower@1.7.2
84 verbose unbuild rmStuff bower@1.7.2 from /opt/nodejs/node-v4.2.4-linux-x64/lib/node_modules
85 silly gentlyRm /opt/nodejs/node-v4.2.4-linux-x64/bin/bower is being gently removed
86 silly gentlyRm verifying /opt/nodejs/node-v4.2.4-linux-x64 is an npm working directory
87 silly gentlyRm containing path /opt/nodejs/node-v4.2.4-linux-x64 is under npm's control, in /opt/nodejs/node-v4.2.4-linux-x64
88 silly gentlyRm deletion target /opt/nodejs/node-v4.2.4-linux-x64/bin/bower is under /opt/nodejs/node-v4.2.4-linux-x64
89 verbose gentlyRm vacuuming from /opt/nodejs/node-v4.2.4-linux-x64/bin/bower up to /opt/nodejs/node-v4.2.4-linux-x64
90 info postuninstall bower@1.7.2
91 silly gentlyRm /opt/nodejs/node-v4.2.4-linux-x64/lib/node_modules/bower is being purged from base /opt/nodejs/node-v4.2.4-linux-x64
92 verbose gentlyRm don't care about contents; nuking /opt/nodejs/node-v4.2.4-linux-x64/lib/node_modules/bower
93 silly vacuum-fs purging /opt/nodejs/node-v4.2.4-linux-x64/lib/node_modules/bower
94 error error rolling back Error: EACCES: permission denied, unlink '/opt/nodejs/node-v4.2.4-linux-x64/lib/node_modules/bower/CHANGELOG.md'
94 error error rolling back     at Error (native)
94 error error rolling back  { [Error: EACCES: permission denied, unlink '/opt/nodejs/node-v4.2.4-linux-x64/lib/node_modules/bower/CHANGELOG.md']
94 error error rolling back   errno: -13,
94 error error rolling back   code: 'EACCES',
94 error error rolling back   syscall: 'unlink',
94 error error rolling back   path: '/opt/nodejs/node-v4.2.4-linux-x64/lib/node_modules/bower/CHANGELOG.md' }
